Starting job on node16
Collecting chgnet
  Obtaining dependency information for chgnet from https://files.pythonhosted.org/packages/19/95/72eced00dc2535ad60f825469fb2bd3a3ed8671fa492eae0b0c158e14dea/chgnet-0.4.0-cp311-cp311-manylinux_2_17_x86_64.manylinux2014_x86_64.whl.metadata
  Downloading chgnet-0.4.0-cp311-cp311-manylinux_2_17_x86_64.manylinux2014_x86_64.whl.metadata (16 kB)
Collecting ase>=3.23.0 (from chgnet)
  Obtaining dependency information for ase>=3.23.0 from https://files.pythonhosted.org/packages/07/f5/007d993fcf3b051acb304d5402e0bd103fd20816b47dee9531bdbfb3aa0c/ase-3.25.0-py3-none-any.whl.metadata
  Downloading ase-3.25.0-py3-none-any.whl.metadata (4.2 kB)
Collecting cython>=3 (from chgnet)
  Obtaining dependency information for cython>=3 from https://files.pythonhosted.org/packages/6b/7f/c57791ba6a1c934b6f1ab51371e894e3b4bfde0bc35e50046c8754a9d215/Cython-3.0.12-cp311-cp311-manylinux_2_17_x86_64.manylinux2014_x86_64.whl.metadata
  Downloading Cython-3.0.12-cp311-cp311-manylinux_2_17_x86_64.manylinux2014_x86_64.whl.metadata (3.3 kB)
Requirement already satisfied: numpy>=1.26 in /apps/compilers/anaconda3-11/lib/python3.11/site-packages (from chgnet) (1.26.4)
Collecting nvidia-ml-py3>=7.352.0 (from chgnet)
  Using cached nvidia-ml-py3-7.352.0.tar.gz (19 kB)
  Preparing metadata (setup.py): started
  Preparing metadata (setup.py): finished with status 'done'
Requirement already satisfied: pymatgen>=2024.9.10 in /apps/compilers/anaconda3-11/lib/python3.11/site-packages (from chgnet) (2025.4.10)
Requirement already satisfied: torch>=2.4.1 in /apps/compilers/anaconda3-11/lib/python3.11/site-packages (from chgnet) (2.4.1)
Requirement already satisfied: typing-extensions>=4.12 in /apps/compilers/anaconda3-11/lib/python3.11/site-packages (from chgnet) (4.12.2)
Requirement already satisfied: scipy>=1.6.0 in /apps/compilers/anaconda3-11/lib/python3.11/site-packages (from ase>=3.23.0->chgnet) (1.13.1)
Requirement already satisfied: matplotlib>=3.3.4 in /apps/compilers/anaconda3-11/lib/python3.11/site-packages (from ase>=3.23.0->chgnet) (3.10.0)
Requirement already satisfied: joblib>=1 in /apps/compilers/anaconda3-11/lib/python3.11/site-packages (from pymatgen>=2024.9.10->chgnet) (1.4.2)
Requirement already satisfied: monty>=2025.1.9 in /apps/compilers/anaconda3-11/lib/python3.11/site-packages (from pymatgen>=2024.9.10->chgnet) (2025.3.3)
Requirement already satisfied: networkx>=2.7 in /apps/compilers/anaconda3-11/lib/python3.11/site-packages (from pymatgen>=2024.9.10->chgnet) (3.4.2)
Requirement already satisfied: palettable>=3.3.3 in /apps/compilers/anaconda3-11/lib/python3.11/site-packages (from pymatgen>=2024.9.10->chgnet) (3.3.3)
Requirement already satisfied: pandas>=2 in /apps/compilers/anaconda3-11/lib/python3.11/site-packages (from pymatgen>=2024.9.10->chgnet) (2.2.3)
Requirement already satisfied: plotly>=5.0.0 in /apps/compilers/anaconda3-11/lib/python3.11/site-packages (from pymatgen>=2024.9.10->chgnet) (5.24.1)
Requirement already satisfied: pybtex>=0.24.0 in /apps/compilers/anaconda3-11/lib/python3.11/site-packages (from pymatgen>=2024.9.10->chgnet) (0.24.0)
Requirement already satisfied: requests>=2.32 in /apps/compilers/anaconda3-11/lib/python3.11/site-packages (from pymatgen>=2024.9.10->chgnet) (2.32.3)
Requirement already satisfied: ruamel.yaml>=0.17.0 in /apps/compilers/anaconda3-11/lib/python3.11/site-packages (from pymatgen>=2024.9.10->chgnet) (0.18.6)
Requirement already satisfied: spglib>=2.5 in /apps/compilers/anaconda3-11/lib/python3.11/site-packages (from pymatgen>=2024.9.10->chgnet) (2.6.0)
Requirement already satisfied: sympy>=1.3 in /apps/compilers/anaconda3-11/lib/python3.11/site-packages (from pymatgen>=2024.9.10->chgnet) (1.13.3)
Requirement already satisfied: tabulate>=0.9 in /apps/compilers/anaconda3-11/lib/python3.11/site-packages (from pymatgen>=2024.9.10->chgnet) (0.9.0)
Requirement already satisfied: tqdm>=4.60 in /apps/compilers/anaconda3-11/lib/python3.11/site-packages (from pymatgen>=2024.9.10->chgnet) (4.67.1)
Requirement already satisfied: uncertainties>=3.1.4 in /apps/compilers/anaconda3-11/lib/python3.11/site-packages (from pymatgen>=2024.9.10->chgnet) (3.2.2)
Requirement already satisfied: filelock in /apps/compilers/anaconda3-11/lib/python3.11/site-packages (from torch>=2.4.1->chgnet) (3.13.1)
Requirement already satisfied: jinja2 in /apps/compilers/anaconda3-11/lib/python3.11/site-packages (from torch>=2.4.1->chgnet) (3.1.6)
Requirement already satisfied: fsspec in /apps/compilers/anaconda3-11/lib/python3.11/site-packages (from torch>=2.4.1->chgnet) (2024.12.0)
Requirement already satisfied: nvidia-cuda-nvrtc-cu12==12.1.105 in /apps/compilers/anaconda3-11/lib/python3.11/site-packages (from torch>=2.4.1->chgnet) (12.1.105)
Requirement already satisfied: nvidia-cuda-runtime-cu12==12.1.105 in /apps/compilers/anaconda3-11/lib/python3.11/site-packages (from torch>=2.4.1->chgnet) (12.1.105)
Requirement already satisfied: nvidia-cuda-cupti-cu12==12.1.105 in /apps/compilers/anaconda3-11/lib/python3.11/site-packages (from torch>=2.4.1->chgnet) (12.1.105)
Requirement already satisfied: nvidia-cudnn-cu12==9.1.0.70 in /apps/compilers/anaconda3-11/lib/python3.11/site-packages (from torch>=2.4.1->chgnet) (9.1.0.70)
Requirement already satisfied: nvidia-cublas-cu12==12.1.3.1 in /apps/compilers/anaconda3-11/lib/python3.11/site-packages (from torch>=2.4.1->chgnet) (12.1.3.1)
Requirement already satisfied: nvidia-cufft-cu12==11.0.2.54 in /apps/compilers/anaconda3-11/lib/python3.11/site-packages (from torch>=2.4.1->chgnet) (11.0.2.54)
Requirement already satisfied: nvidia-curand-cu12==10.3.2.106 in /apps/compilers/anaconda3-11/lib/python3.11/site-packages (from torch>=2.4.1->chgnet) (10.3.2.106)
Requirement already satisfied: nvidia-cusolver-cu12==11.4.5.107 in /apps/compilers/anaconda3-11/lib/python3.11/site-packages (from torch>=2.4.1->chgnet) (11.4.5.107)
Requirement already satisfied: nvidia-cusparse-cu12==12.1.0.106 in /apps/compilers/anaconda3-11/lib/python3.11/site-packages (from torch>=2.4.1->chgnet) (12.1.0.106)
Requirement already satisfied: nvidia-nccl-cu12==2.20.5 in /apps/compilers/anaconda3-11/lib/python3.11/site-packages (from torch>=2.4.1->chgnet) (2.20.5)
Requirement already satisfied: nvidia-nvtx-cu12==12.1.105 in /apps/compilers/anaconda3-11/lib/python3.11/site-packages (from torch>=2.4.1->chgnet) (12.1.105)
Requirement already satisfied: triton==3.0.0 in /apps/compilers/anaconda3-11/lib/python3.11/site-packages (from torch>=2.4.1->chgnet) (3.0.0)
Requirement already satisfied: nvidia-nvjitlink-cu12 in /apps/compilers/anaconda3-11/lib/python3.11/site-packages (from nvidia-cusolver-cu12==11.4.5.107->torch>=2.4.1->chgnet) (12.6.68)
Requirement already satisfied: contourpy>=1.0.1 in /apps/compilers/anaconda3-11/lib/python3.11/site-packages (from matplotlib>=3.3.4->ase>=3.23.0->chgnet) (1.3.1)
Requirement already satisfied: cycler>=0.10 in /apps/compilers/anaconda3-11/lib/python3.11/site-packages (from matplotlib>=3.3.4->ase>=3.23.0->chgnet) (0.11.0)
Requirement already satisfied: fonttools>=4.22.0 in /apps/compilers/anaconda3-11/lib/python3.11/site-packages (from matplotlib>=3.3.4->ase>=3.23.0->chgnet) (4.55.3)
Requirement already satisfied: kiwisolver>=1.3.1 in /apps/compilers/anaconda3-11/lib/python3.11/site-packages (from matplotlib>=3.3.4->ase>=3.23.0->chgnet) (1.4.8)
Requirement already satisfied: packaging>=20.0 in /apps/compilers/anaconda3-11/lib/python3.11/site-packages (from matplotlib>=3.3.4->ase>=3.23.0->chgnet) (24.2)
Requirement already satisfied: pillow>=8 in /apps/compilers/anaconda3-11/lib/python3.11/site-packages (from matplotlib>=3.3.4->ase>=3.23.0->chgnet) (11.1.0)
Requirement already satisfied: pyparsing>=2.3.1 in /apps/compilers/anaconda3-11/lib/python3.11/site-packages (from matplotlib>=3.3.4->ase>=3.23.0->chgnet) (3.2.0)
Requirement already satisfied: python-dateutil>=2.7 in /apps/compilers/anaconda3-11/lib/python3.11/site-packages (from matplotlib>=3.3.4->ase>=3.23.0->chgnet) (2.9.0.post0)
Requirement already satisfied: pytz>=2020.1 in /apps/compilers/anaconda3-11/lib/python3.11/site-packages (from pandas>=2->pymatgen>=2024.9.10->chgnet) (2024.1)
Requirement already satisfied: tzdata>=2022.7 in /apps/compilers/anaconda3-11/lib/python3.11/site-packages (from pandas>=2->pymatgen>=2024.9.10->chgnet) (2023.3)
Requirement already satisfied: tenacity>=6.2.0 in /apps/compilers/anaconda3-11/lib/python3.11/site-packages (from plotly>=5.0.0->pymatgen>=2024.9.10->chgnet) (9.0.0)
Requirement already satisfied: PyYAML>=3.01 in /apps/compilers/anaconda3-11/lib/python3.11/site-packages (from pybtex>=0.24.0->pymatgen>=2024.9.10->chgnet) (6.0.2)
Requirement already satisfied: latexcodec>=1.0.4 in /apps/compilers/anaconda3-11/lib/python3.11/site-packages (from pybtex>=0.24.0->pymatgen>=2024.9.10->chgnet) (3.0.0)
Requirement already satisfied: six in /apps/compilers/anaconda3-11/lib/python3.11/site-packages (from pybtex>=0.24.0->pymatgen>=2024.9.10->chgnet) (1.16.0)
Requirement already satisfied: charset-normalizer<4,>=2 in /apps/compilers/anaconda3-11/lib/python3.11/site-packages (from requests>=2.32->pymatgen>=2024.9.10->chgnet) (3.3.2)
Requirement already satisfied: idna<4,>=2.5 in /apps/compilers/anaconda3-11/lib/python3.11/site-packages (from requests>=2.32->pymatgen>=2024.9.10->chgnet) (3.7)
Requirement already satisfied: urllib3<3,>=1.21.1 in /apps/compilers/anaconda3-11/lib/python3.11/site-packages (from requests>=2.32->pymatgen>=2024.9.10->chgnet) (2.3.0)
Requirement already satisfied: certifi>=2017.4.17 in /apps/compilers/anaconda3-11/lib/python3.11/site-packages (from requests>=2.32->pymatgen>=2024.9.10->chgnet) (2025.1.31)
Requirement already satisfied: ruamel.yaml.clib>=0.2.7 in /apps/compilers/anaconda3-11/lib/python3.11/site-packages (from ruamel.yaml>=0.17.0->pymatgen>=2024.9.10->chgnet) (0.2.8)
Requirement already satisfied: mpmath<1.4,>=1.1.0 in /apps/compilers/anaconda3-11/lib/python3.11/site-packages (from sympy>=1.3->pymatgen>=2024.9.10->chgnet) (1.3.0)
Requirement already satisfied: MarkupSafe>=2.0 in /apps/compilers/anaconda3-11/lib/python3.11/site-packages (from jinja2->torch>=2.4.1->chgnet) (3.0.2)
Downloading chgnet-0.4.0-cp311-cp311-manylinux_2_17_x86_64.manylinux2014_x86_64.whl (9.3 MB)
   ━━━━━━━━━━━━━━━━━━━━━━━━━━━━━━━━━━━━━━━━ 9.3/9.3 MB 3.5 MB/s eta 0:00:00
Downloading ase-3.25.0-py3-none-any.whl (3.0 MB)
   ━━━━━━━━━━━━━━━━━━━━━━━━━━━━━━━━━━━━━━━━ 3.0/3.0 MB 5.6 MB/s eta 0:00:00
Downloading Cython-3.0.12-cp311-cp311-manylinux_2_17_x86_64.manylinux2014_x86_64.whl (3.6 MB)
   ━━━━━━━━━━━━━━━━━━━━━━━━━━━━━━━━━━━━━━━━ 3.6/3.6 MB 3.3 MB/s eta 0:00:00
Building wheels for collected packages: nvidia-ml-py3
  Building wheel for nvidia-ml-py3 (setup.py): started
  Building wheel for nvidia-ml-py3 (setup.py): finished with status 'done'
  Created wheel for nvidia-ml-py3: filename=nvidia_ml_py3-7.352.0-py3-none-any.whl size=19172 sha256=97c783bc27b41f622bad29b2ed4dad6c84d4b095b5850eabcc07ad7038c58653
  Stored in directory: /storage/home/biswarup/.cache/pip/wheels/47/50/9e/29dc79037d74c3c1bb4a8661fb608e8674b7e4260d6a3f8f51
Successfully built nvidia-ml-py3
Installing collected packages: nvidia-ml-py3, cython, ase, chgnet
Successfully installed ase-3.25.0 chgnet-0.4.0 cython-3.0.12 nvidia-ml-py3-7.352.0
Activated environment: *
Installing required Python packages...
Requirement already satisfied: pymatgen in /apps/compilers/anaconda3-11/lib/python3.11/site-packages (2025.4.10)
Requirement already satisfied: phonopy in /apps/compilers/anaconda3-11/lib/python3.11/site-packages (2.38.0)
Requirement already satisfied: joblib>=1 in /apps/compilers/anaconda3-11/lib/python3.11/site-packages (from pymatgen) (1.4.2)
Requirement already satisfied: matplotlib>=3.8 in /apps/compilers/anaconda3-11/lib/python3.11/site-packages (from pymatgen) (3.10.0)
Requirement already satisfied: monty>=2025.1.9 in /apps/compilers/anaconda3-11/lib/python3.11/site-packages (from pymatgen) (2025.3.3)
Requirement already satisfied: networkx>=2.7 in /apps/compilers/anaconda3-11/lib/python3.11/site-packages (from pymatgen) (3.4.2)
Requirement already satisfied: palettable>=3.3.3 in /apps/compilers/anaconda3-11/lib/python3.11/site-packages (from pymatgen) (3.3.3)
Requirement already satisfied: pandas>=2 in /apps/compilers/anaconda3-11/lib/python3.11/site-packages (from pymatgen) (2.2.3)
Requirement already satisfied: plotly>=5.0.0 in /apps/compilers/anaconda3-11/lib/python3.11/site-packages (from pymatgen) (5.24.1)
Requirement already satisfied: pybtex>=0.24.0 in /apps/compilers/anaconda3-11/lib/python3.11/site-packages (from pymatgen) (0.24.0)
Requirement already satisfied: requests>=2.32 in /apps/compilers/anaconda3-11/lib/python3.11/site-packages (from pymatgen) (2.32.3)
Requirement already satisfied: ruamel.yaml>=0.17.0 in /apps/compilers/anaconda3-11/lib/python3.11/site-packages (from pymatgen) (0.18.6)
Requirement already satisfied: scipy>=1.13.0 in /apps/compilers/anaconda3-11/lib/python3.11/site-packages (from pymatgen) (1.13.1)
Requirement already satisfied: spglib>=2.5 in /apps/compilers/anaconda3-11/lib/python3.11/site-packages (from pymatgen) (2.6.0)
Requirement already satisfied: sympy>=1.3 in /apps/compilers/anaconda3-11/lib/python3.11/site-packages (from pymatgen) (1.13.3)
Requirement already satisfied: tabulate>=0.9 in /apps/compilers/anaconda3-11/lib/python3.11/site-packages (from pymatgen) (0.9.0)
Requirement already satisfied: tqdm>=4.60 in /apps/compilers/anaconda3-11/lib/python3.11/site-packages (from pymatgen) (4.67.1)
Requirement already satisfied: uncertainties>=3.1.4 in /apps/compilers/anaconda3-11/lib/python3.11/site-packages (from pymatgen) (3.2.2)
Requirement already satisfied: numpy<3,>=1.25.0 in /apps/compilers/anaconda3-11/lib/python3.11/site-packages (from pymatgen) (1.26.4)
Requirement already satisfied: PyYAML>=5.3 in /apps/compilers/anaconda3-11/lib/python3.11/site-packages (from phonopy) (6.0.2)
Requirement already satisfied: h5py>=3.0 in /apps/compilers/anaconda3-11/lib/python3.11/site-packages (from phonopy) (3.11.0)
Requirement already satisfied: symfc>=1.3 in /apps/compilers/anaconda3-11/lib/python3.11/site-packages (from phonopy) (1.3.4)
Requirement already satisfied: contourpy>=1.0.1 in /apps/compilers/anaconda3-11/lib/python3.11/site-packages (from matplotlib>=3.8->pymatgen) (1.3.1)
Requirement already satisfied: cycler>=0.10 in /apps/compilers/anaconda3-11/lib/python3.11/site-packages (from matplotlib>=3.8->pymatgen) (0.11.0)
Requirement already satisfied: fonttools>=4.22.0 in /apps/compilers/anaconda3-11/lib/python3.11/site-packages (from matplotlib>=3.8->pymatgen) (4.55.3)
Requirement already satisfied: kiwisolver>=1.3.1 in /apps/compilers/anaconda3-11/lib/python3.11/site-packages (from matplotlib>=3.8->pymatgen) (1.4.8)
Requirement already satisfied: packaging>=20.0 in /apps/compilers/anaconda3-11/lib/python3.11/site-packages (from matplotlib>=3.8->pymatgen) (24.2)
Requirement already satisfied: pillow>=8 in /apps/compilers/anaconda3-11/lib/python3.11/site-packages (from matplotlib>=3.8->pymatgen) (11.1.0)
Requirement already satisfied: pyparsing>=2.3.1 in /apps/compilers/anaconda3-11/lib/python3.11/site-packages (from matplotlib>=3.8->pymatgen) (3.2.0)
Requirement already satisfied: python-dateutil>=2.7 in /apps/compilers/anaconda3-11/lib/python3.11/site-packages (from matplotlib>=3.8->pymatgen) (2.9.0.post0)
Requirement already satisfied: pytz>=2020.1 in /apps/compilers/anaconda3-11/lib/python3.11/site-packages (from pandas>=2->pymatgen) (2024.1)
Requirement already satisfied: tzdata>=2022.7 in /apps/compilers/anaconda3-11/lib/python3.11/site-packages (from pandas>=2->pymatgen) (2023.3)
Requirement already satisfied: tenacity>=6.2.0 in /apps/compilers/anaconda3-11/lib/python3.11/site-packages (from plotly>=5.0.0->pymatgen) (9.0.0)
Requirement already satisfied: latexcodec>=1.0.4 in /apps/compilers/anaconda3-11/lib/python3.11/site-packages (from pybtex>=0.24.0->pymatgen) (3.0.0)
Requirement already satisfied: six in /apps/compilers/anaconda3-11/lib/python3.11/site-packages (from pybtex>=0.24.0->pymatgen) (1.16.0)
Requirement already satisfied: charset-normalizer<4,>=2 in /apps/compilers/anaconda3-11/lib/python3.11/site-packages (from requests>=2.32->pymatgen) (3.3.2)
Requirement already satisfied: idna<4,>=2.5 in /apps/compilers/anaconda3-11/lib/python3.11/site-packages (from requests>=2.32->pymatgen) (3.7)
Requirement already satisfied: urllib3<3,>=1.21.1 in /apps/compilers/anaconda3-11/lib/python3.11/site-packages (from requests>=2.32->pymatgen) (2.3.0)
Requirement already satisfied: certifi>=2017.4.17 in /apps/compilers/anaconda3-11/lib/python3.11/site-packages (from requests>=2.32->pymatgen) (2025.1.31)
Requirement already satisfied: ruamel.yaml.clib>=0.2.7 in /apps/compilers/anaconda3-11/lib/python3.11/site-packages (from ruamel.yaml>=0.17.0->pymatgen) (0.2.8)
Requirement already satisfied: typing-extensions>=4.9.0 in /apps/compilers/anaconda3-11/lib/python3.11/site-packages (from spglib>=2.5->pymatgen) (4.12.2)
Requirement already satisfied: mpmath<1.4,>=1.1.0 in /apps/compilers/anaconda3-11/lib/python3.11/site-packages (from sympy>=1.3->pymatgen) (1.3.0)
Running train.py with 64 cores...
Running chgnet_phonopy_run.py script...
chgnet_phonopy_run.py failed. Check phonon.out for details.
